Heap:
 PSYoungGen      total 224256K, used 210432K [0x00000000e0000000, 0x00000000eec00000, 0x0000000100000000)
  eden space 208896K, 93% used [0x00000000e0000000,0x00000000ebe81f20,0x00000000ecc00000)
  from space 15360K, 99% used [0x00000000ecc00000,0x00000000edafe190,0x00000000edb00000)
  to   space 15360K, 0% used [0x00000000edb00000,0x00000000edb00000,0x00000000eea00000)
 ParOldGen       total 61440K, used 28230K [0x00000000a0000000, 0x00000000a3c00000, 0x00000000e0000000)
  object space 61440K, 45% used [0x00000000a0000000,0x00000000a1b91808,0x00000000a3c00000)
 Metaspace       used 55812K, capacity 58258K, committed 58368K, reserved 1099776K
  class space    used 7779K, capacity 8420K, committed 8448K, reserved 1048576K
GC Heap History (10 events):
Event: 2.648 GC heap before
{Heap before GC invocations=5 (full 1):
 PSYoungGen      total 138240K, used 5116K [0x00000000e0000000, 0x00000000e8c00000, 0x0000000100000000)
  eden space 133120K, 0% used [0x00000000e0000000,0x00000000e0000000,0x00000000e8200000)
  from space 5120K, 99% used [0x00000000e8700000,0x00000000e8bff060,0x00000000e8c00000)
  to   space 5120K, 0% used [0x00000000e8200000,0x00000000e8200000,0x00000000e8700000)
 ParOldGen       total 87552K, used 9606K [0x00000000a0000000, 0x00000000a5580000, 0x00000000e0000000)
  object space 87552K, 10% used [0x00000000a0000000,0x00000000a0961aa8,0x00000000a5580000)
 Metaspace       used 20667K, capacity 21174K, committed 21248K, reserved 1067008K
  class space    used 2880K, capacity 3010K, committed 3072K, reserved 1048576K
Event: 2.684 GC heap after
Heap after GC invocations=5 (full 1):
 PSYoungGen      total 138240K, used 0K [0x00000000e0000000, 0x00000000e8c00000, 0x0000000100000000)
  eden space 133120K, 0% used [0x00000000e0000000,0x00000000e0000000,0x00000000e8200000)
  from space 5120K, 0% used [0x00000000e8700000,0x00000000e8700000,0x00000000e8c00000)
  to   space 5120K, 0% used [0x00000000e8200000,0x00000000e8200000,0x00000000e8700000)
 ParOldGen       total 61440K, used 7977K [0x00000000a0000000, 0x00000000a3c00000, 0x00000000e0000000)
  object space 61440K, 12% used [0x00000000a0000000,0x00000000a07ca650,0x00000000a3c00000)
 Metaspace       used 20667K, capacity 21174K, committed 21248K, reserved 1067008K
  class space    used 2880K, capacity 3010K, committed 3072K, reserved 1048576K
}
Event: 4.340 GC heap before
{Heap before GC invocations=6 (full 1):
 PSYoungGen      total 138240K, used 133120K [0x00000000e0000000, 0x00000000e8c00000, 0x0000000100000000)
  eden space 133120K, 100% used [0x00000000e0000000,0x00000000e8200000,0x00000000e8200000)
  from space 5120K, 0% used [0x00000000e8700000,0x00000000e8700000,0x00000000e8c00000)
  to   space 5120K, 0% used [0x00000000e8200000,0x00000000e8200000,0x00000000e8700000)
 ParOldGen       total 61440K, used 7977K [0x00000000a0000000, 0x00000000a3c00000, 0x00000000e0000000)
  object space 61440K, 12% used [0x00000000a0000000,0x00000000a07ca650,0x00000000a3c00000)
 Metaspace       used 30385K, capacity 31158K, committed 31488K, reserved 1077248K
  class space    used 4268K, capacity 4516K, committed 4608K, reserved 1048576K
Event: 4.362 GC heap after
Heap after GC invocations=6 (full 1):
 PSYoungGen      total 138240K, used 5088K [0x00000000e0000000, 0x00000000eea00000, 0x0000000100000000)
  eden space 133120K, 0% used [0x00000000e0000000,0x00000000e0000000,0x00000000e8200000)
  from space 5120K, 99% used [0x00000000e8200000,0x00000000e86f8020,0x00000000e8700000)
  to   space 15360K, 0% used [0x00000000edb00000,0x00000000edb00000,0x00000000eea00000)
 ParOldGen       total 61440K, used 17135K [0x00000000a0000000, 0x00000000a3c00000, 0x00000000e0000000)
  object space 61440K, 27% used [0x00000000a0000000,0x00000000a10bbd48,0x00000000a3c00000)
 Metaspace       used 30385K, capacity 31158K, committed 31488K, reserved 1077248K
  class space    used 4268K, capacity 4516K, committed 4608K, reserved 1048576K
}
Event: 4.896 GC heap before
{Heap before GC invocations=7 (full 1):
 PSYoungGen      total 138240K, used 40867K [0x00000000e0000000, 0x00000000eea00000, 0x0000000100000000)
  eden space 133120K, 26% used [0x00000000e0000000,0x00000000e22f0d30,0x00000000e8200000)
  from space 5120K, 99% used [0x00000000e8200000,0x00000000e86f8020,0x00000000e8700000)
  to   space 15360K, 0% used [0x00000000edb00000,0x00000000edb00000,0x00000000eea00000)
 ParOldGen       total 61440K, used 17135K [0x00000000a0000000, 0x00000000a3c00000, 0x00000000e0000000)
  object space 61440K, 27% used [0x00000000a0000000,0x00000000a10bbd48,0x00000000a3c00000)
 Metaspace       used 34385K, capacity 35364K, committed 35416K, reserved 1079296K
  class space    used 4754K, capacity 5112K, committed 5120K, reserved 1048576K
Event: 4.908 GC heap after
Heap after GC invocations=7 (full 1):
 PSYoungGen      total 224256K, used 9985K [0x00000000e0000000, 0x00000000eec00000, 0x0000000100000000)
  eden space 208896K, 0% used [0x00000000e0000000,0x00000000e0000000,0x00000000ecc00000)
  from space 15360K, 65% used [0x00000000edb00000,0x00000000ee4c04a8,0x00000000eea00000)
  to   space 15360K, 0% used [0x00000000ecc00000,0x00000000ecc00000,0x00000000edb00000)
 ParOldGen       total 61440K, used 17143K [0x00000000a0000000, 0x00000000a3c00000, 0x00000000e0000000)
  object space 61440K, 27% used [0x00000000a0000000,0x00000000a10bdd48,0x00000000a3c00000)
 Metaspace       used 34385K, capacity 35364K, committed 35416K, reserved 1079296K
  class space    used 4754K, capacity 5112K, committed 5120K, reserved 1048576K
}
Event: 4.908 GC heap before
{Heap before GC invocations=8 (full 2):
 PSYoungGen      total 224256K, used 9985K [0x00000000e0000000, 0x00000000eec00000, 0x0000000100000000)
  eden space 208896K, 0% used [0x00000000e0000000,0x00000000e0000000,0x00000000ecc00000)
  from space 15360K, 65% used [0x00000000edb00000,0x00000000ee4c04a8,0x00000000eea00000)
  to   space 15360K, 0% used [0x00000000ecc00000,0x00000000ecc00000,0x00000000edb00000)
 ParOldGen       total 61440K, used 17143K [0x00000000a0000000, 0x00000000a3c00000, 0x00000000e0000000)
  object space 61440K, 27% used [0x00000000a0000000,0x00000000a10bdd48,0x00000000a3c00000)
 Metaspace       used 34385K, capacity 35364K, committed 35416K, reserved 1079296K
  class space    used 4754K, capacity 5112K, committed 5120K, reserved 1048576K
Event: 4.969 GC heap after
Heap after GC invocations=8 (full 2):
 PSYoungGen      total 224256K, used 0K [0x00000000e0000000, 0x00000000eec00000, 0x0000000100000000)
  eden space 208896K, 0% used [0x00000000e0000000,0x00000000e0000000,0x00000000ecc00000)
  from space 15360K, 0% used [0x00000000edb00000,0x00000000edb00000,0x00000000eea00000)
  to   space 15360K, 0% used [0x00000000ecc00000,0x00000000ecc00000,0x00000000edb00000)
 ParOldGen       total 61440K, used 25051K [0x00000000a0000000, 0x00000000a3c00000, 0x00000000e0000000)
  object space 61440K, 40% used [0x00000000a0000000,0x00000000a1876cb8,0x00000000a3c00000)
 Metaspace       used 34385K, capacity 35364K, committed 35416K, reserved 1079296K
  class space    used 4754K, capacity 5112K, committed 5120K, reserved 1048576K
}
Event: 7.442 GC heap before
{Heap before GC invocations=9 (full 2):
 PSYoungGen      total 224256K, used 208896K [0x00000000e0000000, 0x00000000eec00000, 0x0000000100000000)
  eden space 208896K, 100% used [0x00000000e0000000,0x00000000ecc00000,0x00000000ecc00000)
  from space 15360K, 0% used [0x00000000edb00000,0x00000000edb00000,0x00000000eea00000)
  to   space 15360K, 0% used [0x00000000ecc00000,0x00000000ecc00000,0x00000000edb00000)
 ParOldGen       total 61440K, used 25051K [0x00000000a0000000, 0x00000000a3c00000, 0x00000000e0000000)
  object space 61440K, 40% used [0x00000000a0000000,0x00000000a1876cb8,0x00000000a3c00000)
 Metaspace       used 48180K, capacity 49626K, committed 49792K, reserved 1091584K
  class space    used 6553K, capacity 6994K, committed 7040K, reserved 1048576K
Event: 7.513 GC heap after
Heap after GC invocations=9 (full 2):
 PSYoungGen      total 224256K, used 15352K [0x00000000e0000000, 0x00000000eec00000, 0x0000000100000000)
  eden space 208896K, 0% used [0x00000000e0000000,0x00000000e0000000,0x00000000ecc00000)
  from space 15360K, 99% used [0x00000000ecc00000,0x00000000edafe190,0x00000000edb00000)
  to   space 15360K, 0% used [0x00000000edb00000,0x00000000edb00000,0x00000000eea00000)
 ParOldGen       total 61440K, used 28230K [0x00000000a0000000, 0x00000000a3c00000, 0x00000000e0000000)
  object space 61440K, 45% used [0x00000000a0000000,0x00000000a1b91808,0x00000000a3c00000)
 Metaspace       used 48180K, capacity 49626K, committed 49792K, reserved 1091584K
  class space    used 6553K, capacity 6994K, committed 7040K, reserved 1048576K
}

